[debug] [2022-11-14T10:02:50.554Z] ----------------------------------------------------------------------
[debug] [2022-11-14T10:02:50.556Z] Command:       C:\Program Files\nodejs\node.exe C:\Users\lapshop\AppData\Roaming\npm\node_modules\firebase-tools\lib\bin\firebase.js emulators:start
[debug] [2022-11-14T10:02:50.557Z] CLI Version:   11.16.0
[debug] [2022-11-14T10:02:50.557Z] Platform:      win32
[debug] [2022-11-14T10:02:50.557Z] Node Version:  v16.17.1
[debug] [2022-11-14T10:02:50.558Z] Time:          Mon Nov 14 2022 12:02:50 GMT+0200 (Eastern European Standard Time)
[debug] [2022-11-14T10:02:50.558Z] ----------------------------------------------------------------------
[debug] 
[debug] [2022-11-14T10:02:50.644Z] > command requires scopes: ["email","openid","https://www.googleapis.com/auth/cloudplatformprojects.readonly","https://www.googleapis.com/auth/firebase","https://www.googleapis.com/auth/cloud-platform"]
[debug] [2022-11-14T10:02:50.644Z] > authorizing via signed-in user (khaledpepo96@gmail.com)
[info] i  emulators: Starting emulators: functions {"metadata":{"emulator":{"name":"hub"},"message":"Starting emulators: functions"}}
[debug] [2022-11-14T10:02:50.655Z] [logging] Logging Emulator only supports listening on one address (127.0.0.1). Not listening on ::1
[debug] [2022-11-14T10:02:50.655Z] assigned listening specs for emulators {"user":{"hub":[{"address":"127.0.0.1","family":"IPv4","port":4400},{"address":"::1","family":"IPv6","port":4400}],"ui":[{"address":"127.0.0.1","family":"IPv4","port":4000},{"address":"::1","family":"IPv6","port":4000}],"logging":[{"address":"127.0.0.1","family":"IPv4","port":4500}]},"metadata":{"message":"assigned listening specs for emulators"}}
[debug] [2022-11-14T10:02:50.669Z] [hub] writing locator at C:\Users\lapshop\AppData\Local\Temp\hub-am-commerce.json
[debug] [2022-11-14T10:02:50.716Z] [functions] Functions Emulator only supports listening on one address (127.0.0.1). Not listening on ::1
[debug] [2022-11-14T10:02:50.716Z] [eventarc] Eventarc Emulator only supports listening on one address (127.0.0.1). Not listening on ::1
[debug] [2022-11-14T10:02:50.716Z] late-assigned ports for functions and eventarc emulators {"user":{"hub":[{"address":"127.0.0.1","family":"IPv4","port":4400},{"address":"::1","family":"IPv6","port":4400}],"ui":[{"address":"127.0.0.1","family":"IPv4","port":4000},{"address":"::1","family":"IPv6","port":4000}],"logging":[{"address":"127.0.0.1","family":"IPv4","port":4500}],"functions":[{"address":"127.0.0.1","family":"IPv4","port":5001}],"eventarc":[{"address":"127.0.0.1","family":"IPv4","port":9299}]},"metadata":{"message":"late-assigned ports for functions and eventarc emulators"}}
[warn] !  functions: The following emulators are not running, calls to these services from the Functions emulator will affect production: auth, firestore, database, hosting, pubsub, storage {"metadata":{"emulator":{"name":"functions"},"message":"The following emulators are not running, calls to these services from the Functions emulator will affect production: \u001b[1mauth, firestore, database, hosting, pubsub, storage\u001b[22m"}}
[info] +  functions: Using node@16 from host. {"metadata":{"emulator":{"name":"functions"},"message":"Using node@16 from host."}}
[debug] [2022-11-14T10:02:50.761Z] defaultcredentials: writing to file C:\Users\lapshop\AppData\Roaming\firebase\khaledpepo96_gmail_com_application_default_credentials.json
[debug] [2022-11-14T10:02:50.766Z] Setting GAC to C:\Users\lapshop\AppData\Roaming\firebase\khaledpepo96_gmail_com_application_default_credentials.json {"metadata":{"emulator":{"name":"functions"},"message":"Setting GAC to C:\\Users\\lapshop\\AppData\\Roaming\\firebase\\khaledpepo96_gmail_com_application_default_credentials.json"}}
[debug] [2022-11-14T10:02:50.767Z] >>> [apiv2][query] GET https://firebase.googleapis.com/v1beta1/projects/am-commerce/adminSdkConfig [none]
[debug] [2022-11-14T10:02:51.174Z] <<< [apiv2][status] GET https://firebase.googleapis.com/v1beta1/projects/am-commerce/adminSdkConfig 200
[debug] [2022-11-14T10:02:51.174Z] <<< [apiv2][body] GET https://firebase.googleapis.com/v1beta1/projects/am-commerce/adminSdkConfig {"projectId":"am-commerce","storageBucket":"am-commerce.appspot.com"}
[debug] [2022-11-14T10:02:51.207Z] Ignoring unsupported arg: auto_download {"metadata":{"emulator":{"name":"ui"},"message":"Ignoring unsupported arg: auto_download"}}
[debug] [2022-11-14T10:02:51.207Z] Ignoring unsupported arg: port {"metadata":{"emulator":{"name":"ui"},"message":"Ignoring unsupported arg: port"}}
[debug] [2022-11-14T10:02:51.208Z] Starting Emulator UI with command {"binary":"node","args":["C:\\Users\\lapshop\\.cache\\firebase\\emulators\\ui-v1.11.1\\server\\server.js"],"optionalArgs":[],"joinArgs":false} {"metadata":{"emulator":{"name":"ui"},"message":"Starting Emulator UI with command {\"binary\":\"node\",\"args\":[\"C:\\\\Users\\\\lapshop\\\\.cache\\\\firebase\\\\emulators\\\\ui-v1.11.1\\\\server\\\\server.js\"],\"optionalArgs\":[],\"joinArgs\":false}"}}
[info] i  ui: Emulator UI logging to ui-debug.log {"metadata":{"emulator":{"name":"ui"},"message":"Emulator UI logging to \u001b[1mui-debug.log\u001b[22m"}}
[debug] [2022-11-14T10:02:52.301Z] Web / API server started at 127.0.0.1:4000
 {"metadata":{"emulator":{"name":"ui"},"message":"Web / API server started at 127.0.0.1:4000\n"}}
[debug] [2022-11-14T10:02:52.302Z] Web / API server started at ::1:4000
 {"metadata":{"emulator":{"name":"ui"},"message":"Web / API server started at ::1:4000\n"}}
[info] i  functions: Watching "D:\work\React\amazon\functions" for Cloud Functions... {"metadata":{"emulator":{"name":"functions"},"message":"Watching \"D:\\work\\React\\amazon\\functions\" for Cloud Functions..."}}
[debug] [2022-11-14T10:02:52.407Z] Validating nodejs source
[warn] !  functions: package.json indicates an outdated version of firebase-functions. Please upgrade using npm install --save firebase-functions@latest in your functions directory. 
[warn] !  functions: Please note that there will be breaking changes when you upgrade. 
[debug] [2022-11-14T10:02:58.534Z] > [functions] package.json contents: {
  "name": "functions",
  "description": "Cloud Functions for Firebase",
  "scripts": {
    "lint": "eslint .",
    "serve": "firebase emulators:start --only functions",
    "shell": "firebase functions:shell",
    "start": "npm run shell",
    "deploy": "firebase deploy --only functions",
    "logs": "firebase functions:log"
  },
  "engines": {
    "node": "16"
  },
  "main": "index.js",
  "dependencies": {
    "cors": "^2.8.5",
    "express": "^4.18.2",
    "firebase-admin": "^10.0.2",
    "firebase-functions": "^3.18.0",
    "stripe": "^10.17.0"
  },
  "devDependencies": {
    "eslint": "^8.9.0",
    "eslint-config-google": "^0.14.0",
    "firebase-functions-test": "^0.2.0"
  },
  "private": true
}
[debug] [2022-11-14T10:02:58.534Z] Building nodejs source
[debug] [2022-11-14T10:02:58.534Z] Analyzing nodejs backend spec
[debug] [2022-11-14T10:02:58.536Z] Could not find functions.yaml. Must use http discovery
[debug] [2022-11-14T10:02:58.863Z] Serving at port 9005

[debug] [2022-11-14T10:02:59.050Z] Got response from /__/functions.yaml {"endpoints":{"api":{"platform":"gcfv1","httpsTrigger":{},"entryPoint":"api"}},"specVersion":"v1alpha1","requiredAPIs":[]}
[debug] [2022-11-14T10:02:59.056Z] shutdown requested via /__/quitquitquit

[info] +  functions: Loaded functions definitions from source: api. {"metadata":{"emulator":{"name":"functions"},"message":"Loaded functions definitions from source: api."}}
[info] +  functions[us-central1-api]: http function initialized (http://127.0.0.1:5001/am-commerce/us-central1/api). {"metadata":{"emulator":{"name":"functions"},"message":"\u001b[1mhttp\u001b[22m function initialized (http://127.0.0.1:5001/am-commerce/us-central1/api)."}}
[info] 
┌─────────────────────────────────────────────────────────────┐
│ ✔  All emulators ready! It is now safe to connect your app. │
│ i  View Emulator UI at http://127.0.0.1:4000/               │
└─────────────────────────────────────────────────────────────┘

┌───────────┬────────────────┬─────────────────────────────────┐
│ Emulator  │ Host:Port      │ View in Emulator UI             │
├───────────┼────────────────┼─────────────────────────────────┤
│ Functions │ 127.0.0.1:5001 │ http://127.0.0.1:4000/functions │
└───────────┴────────────────┴─────────────────────────────────┘
  Emulator Hub running at 127.0.0.1:4400
  Other reserved ports: 4500

Issues? Report them at https://github.com/firebase/firebase-tools/issues and attach the *-debug.log files.
 
[debug] [2022-11-14T10:04:02.069Z] [work-queue] {"queueLength":1,"workRunningCount":0}
[debug] [2022-11-14T10:04:02.070Z] [work-queue] {"queueLength":0,"workRunningCount":1}
[debug] [2022-11-14T10:04:02.070Z] Accepted request GET /am-commerce/us-central1/api --> us-central1-api
[debug] [2022-11-14T10:04:02.074Z] [functions] Runtime ready! Sending request! {"metadata":{"emulator":{"name":"functions"},"message":"[functions] Runtime ready! Sending request!"}}
[debug] [2022-11-14T10:04:02.074Z] [functions] Got req.url=/am-commerce/us-central1/api, mapping to path=/ {"metadata":{"emulator":{"name":"functions"},"message":"[functions] Got req.url=/am-commerce/us-central1/api, mapping to path=/"}}
[debug] [2022-11-14T10:04:02.474Z] [worker-pool] addWorker(us-central1-api) {"metadata":{"emulator":{"name":"functions"},"message":"[worker-pool] addWorker(us-central1-api)"}}
[debug] [2022-11-14T10:04:02.474Z] [worker-pool] Adding worker with key us-central1-api, total=1 {"metadata":{"emulator":{"name":"functions"},"message":"[worker-pool] Adding worker with key us-central1-api, total=1"}}
[debug] [2022-11-14T10:04:03.865Z] [runtime-status] [10416] Resolved module firebase-admin {"declared":true,"installed":true,"version":"10.3.0","resolution":"D:\\work\\React\\amazon\\functions\\node_modules\\firebase-admin\\lib\\index.js"} {"metadata":{"emulator":{"name":"functions"},"function":{"name":"us-central1-api"},"extension":{},"message":"[runtime-status] [10416] Resolved module firebase-admin {\"declared\":true,\"installed\":true,\"version\":\"10.3.0\",\"resolution\":\"D:\\\\work\\\\React\\\\amazon\\\\functions\\\\node_modules\\\\firebase-admin\\\\lib\\\\index.js\"}"}}
[debug] [2022-11-14T10:04:03.867Z] [runtime-status] [10416] Resolved module firebase-functions {"declared":true,"installed":true,"version":"3.24.1","resolution":"D:\\work\\React\\amazon\\functions\\node_modules\\firebase-functions\\lib\\index.js"} {"metadata":{"emulator":{"name":"functions"},"function":{"name":"us-central1-api"},"extension":{},"message":"[runtime-status] [10416] Resolved module firebase-functions {\"declared\":true,\"installed\":true,\"version\":\"3.24.1\",\"resolution\":\"D:\\\\work\\\\React\\\\amazon\\\\functions\\\\node_modules\\\\firebase-functions\\\\lib\\\\index.js\"}"}}
[debug] [2022-11-14T10:04:03.867Z] [runtime-status] [10416] Outgoing network have been stubbed. [{"name":"http","status":"mocked"},{"name":"http","status":"mocked"},{"name":"https","status":"mocked"},{"name":"https","status":"mocked"},{"name":"net","status":"mocked"}] {"metadata":{"emulator":{"name":"functions"},"function":{"name":"us-central1-api"},"extension":{},"message":"[runtime-status] [10416] Outgoing network have been stubbed. [{\"name\":\"http\",\"status\":\"mocked\"},{\"name\":\"http\",\"status\":\"mocked\"},{\"name\":\"https\",\"status\":\"mocked\"},{\"name\":\"https\",\"status\":\"mocked\"},{\"name\":\"net\",\"status\":\"mocked\"}]"}}
[debug] [2022-11-14T10:04:03.868Z] [runtime-status] [10416] Resolved module firebase-functions {"declared":true,"installed":true,"version":"3.24.1","resolution":"D:\\work\\React\\amazon\\functions\\node_modules\\firebase-functions\\lib\\index.js"} {"metadata":{"emulator":{"name":"functions"},"function":{"name":"us-central1-api"},"extension":{},"message":"[runtime-status] [10416] Resolved module firebase-functions {\"declared\":true,\"installed\":true,\"version\":\"3.24.1\",\"resolution\":\"D:\\\\work\\\\React\\\\amazon\\\\functions\\\\node_modules\\\\firebase-functions\\\\lib\\\\index.js\"}"}}
[debug] [2022-11-14T10:04:03.915Z] [runtime-status] [10416] Checked functions.config() {"config":{}} {"metadata":{"emulator":{"name":"functions"},"function":{"name":"us-central1-api"},"extension":{},"message":"[runtime-status] [10416] Checked functions.config() {\"config\":{}}"}}
[debug] [2022-11-14T10:04:03.915Z] [runtime-status] [10416] firebase-functions has been stubbed. {"functionsResolution":{"declared":true,"installed":true,"version":"3.24.1","resolution":"D:\\work\\React\\amazon\\functions\\node_modules\\firebase-functions\\lib\\index.js"}} {"metadata":{"emulator":{"name":"functions"},"function":{"name":"us-central1-api"},"extension":{},"message":"[runtime-status] [10416] firebase-functions has been stubbed. {\"functionsResolution\":{\"declared\":true,\"installed\":true,\"version\":\"3.24.1\",\"resolution\":\"D:\\\\work\\\\React\\\\amazon\\\\functions\\\\node_modules\\\\firebase-functions\\\\lib\\\\index.js\"}}"}}
[debug] [2022-11-14T10:04:03.916Z] [runtime-status] [10416] Resolved module firebase-functions {"declared":true,"installed":true,"version":"3.24.1","resolution":"D:\\work\\React\\amazon\\functions\\node_modules\\firebase-functions\\lib\\index.js"} {"metadata":{"emulator":{"name":"functions"},"function":{"name":"us-central1-api"},"extension":{},"message":"[runtime-status] [10416] Resolved module firebase-functions {\"declared\":true,\"installed\":true,\"version\":\"3.24.1\",\"resolution\":\"D:\\\\work\\\\React\\\\amazon\\\\functions\\\\node_modules\\\\firebase-functions\\\\lib\\\\index.js\"}"}}
[debug] [2022-11-14T10:04:03.917Z] [runtime-status] [10416] Resolved module firebase-admin {"declared":true,"installed":true,"version":"10.3.0","resolution":"D:\\work\\React\\amazon\\functions\\node_modules\\firebase-admin\\lib\\index.js"} {"metadata":{"emulator":{"name":"functions"},"function":{"name":"us-central1-api"},"extension":{},"message":"[runtime-status] [10416] Resolved module firebase-admin {\"declared\":true,\"installed\":true,\"version\":\"10.3.0\",\"resolution\":\"D:\\\\work\\\\React\\\\amazon\\\\functions\\\\node_modules\\\\firebase-admin\\\\lib\\\\index.js\"}"}}
[debug] [2022-11-14T10:04:03.918Z] [runtime-status] [10416] Resolved module firebase-functions {"declared":true,"installed":true,"version":"3.24.1","resolution":"D:\\work\\React\\amazon\\functions\\node_modules\\firebase-functions\\lib\\index.js"} {"metadata":{"emulator":{"name":"functions"},"function":{"name":"us-central1-api"},"extension":{},"message":"[runtime-status] [10416] Resolved module firebase-functions {\"declared\":true,\"installed\":true,\"version\":\"3.24.1\",\"resolution\":\"D:\\\\work\\\\React\\\\amazon\\\\functions\\\\node_modules\\\\firebase-functions\\\\lib\\\\index.js\"}"}}
[debug] [2022-11-14T10:04:03.918Z] [runtime-status] [10416] firebase-admin has been stubbed. {"adminResolution":{"declared":true,"installed":true,"version":"10.3.0","resolution":"D:\\work\\React\\amazon\\functions\\node_modules\\firebase-admin\\lib\\index.js"}} {"metadata":{"emulator":{"name":"functions"},"function":{"name":"us-central1-api"},"extension":{},"message":"[runtime-status] [10416] firebase-admin has been stubbed. {\"adminResolution\":{\"declared\":true,\"installed\":true,\"version\":\"10.3.0\",\"resolution\":\"D:\\\\work\\\\React\\\\amazon\\\\functions\\\\node_modules\\\\firebase-admin\\\\lib\\\\index.js\"}}"}}
[debug] [2022-11-14T10:04:04.109Z] [runtime-status] [10416] Functions runtime initialized. {"cwd":"D:\\work\\React\\amazon\\functions","node_version":"16.17.1"} {"metadata":{"emulator":{"name":"functions"},"function":{"name":"us-central1-api"},"extension":{},"message":"[runtime-status] [10416] Functions runtime initialized. {\"cwd\":\"D:\\\\work\\\\React\\\\amazon\\\\functions\",\"node_version\":\"16.17.1\"}"}}
[debug] [2022-11-14T10:04:04.109Z] [runtime-status] [10416] Listening to port: \\?\pipe\fire_emu_0f28544991ea9537 {"metadata":{"emulator":{"name":"functions"},"function":{"name":"us-central1-api"},"extension":{},"message":"[runtime-status] [10416] Listening to port: \\\\?\\pipe\\fire_emu_0f28544991ea9537"}}
[debug] [2022-11-14T10:04:04.130Z] [worker-us-central1-api-4d6d20c8-ade0-49fd-8282-019551797317]: IDLE {"metadata":{"emulator":{"name":"functions"},"message":"[worker-us-central1-api-4d6d20c8-ade0-49fd-8282-019551797317]: IDLE"}}
[debug] [2022-11-14T10:04:04.131Z] [worker-pool] submitRequest(triggerId=us-central1-api) {"metadata":{"emulator":{"name":"functions"},"message":"[worker-pool] submitRequest(triggerId=us-central1-api)"}}
[debug] [2022-11-14T10:04:04.131Z] [worker-us-central1-api-4d6d20c8-ade0-49fd-8282-019551797317]: BUSY {"metadata":{"emulator":{"name":"functions"},"message":"[worker-us-central1-api-4d6d20c8-ade0-49fd-8282-019551797317]: BUSY"}}
[info] i  functions: Beginning execution of "api" {"metadata":{"emulator":{"name":"functions"},"function":{"name":"us-central1-api"},"extension":{},"message":"Beginning execution of \"api\""}}
[debug] [2022-11-14T10:04:04.139Z] [worker-us-central1-api-4d6d20c8-ade0-49fd-8282-019551797317]: IDLE {"metadata":{"emulator":{"name":"functions"},"message":"[worker-us-central1-api-4d6d20c8-ade0-49fd-8282-019551797317]: IDLE"}}
[debug] [2022-11-14T10:04:04.139Z] [work-queue] {"queueLength":0,"workRunningCount":0}
[info] i  functions: Finished "api" in 3.8474ms {"metadata":{"emulator":{"name":"functions"},"function":{"name":"us-central1-api"},"extension":{},"message":"Finished \"api\" in 3.8474ms"}}
[debug] [2022-11-14T10:04:41.399Z] [work-queue] {"queueLength":1,"workRunningCount":0}
[debug] [2022-11-14T10:04:41.400Z] [work-queue] {"queueLength":0,"workRunningCount":1}
[debug] [2022-11-14T10:04:41.400Z] Accepted request POST /am-commerce/us-central1/api/payments/create?total=25096 --> us-central1-api
[debug] [2022-11-14T10:04:41.405Z] [functions] Runtime ready! Sending request! {"metadata":{"emulator":{"name":"functions"},"message":"[functions] Runtime ready! Sending request!"}}
[debug] [2022-11-14T10:04:41.406Z] [functions] Got req.url=/am-commerce/us-central1/api/payments/create?total=25096, mapping to path=/payments/create?total=25096 {"metadata":{"emulator":{"name":"functions"},"message":"[functions] Got req.url=/am-commerce/us-central1/api/payments/create?total=25096, mapping to path=/payments/create?total=25096"}}
[debug] [2022-11-14T10:04:41.406Z] [worker-pool] submitRequest(triggerId=us-central1-api) {"metadata":{"emulator":{"name":"functions"},"message":"[worker-pool] submitRequest(triggerId=us-central1-api)"}}
[debug] [2022-11-14T10:04:41.406Z] [worker-us-central1-api-4d6d20c8-ade0-49fd-8282-019551797317]: BUSY {"metadata":{"emulator":{"name":"functions"},"message":"[worker-us-central1-api-4d6d20c8-ade0-49fd-8282-019551797317]: BUSY"}}
[debug] [2022-11-14T10:04:41.412Z] [work-queue] {"queueLength":1,"workRunningCount":1}
[debug] [2022-11-14T10:04:41.412Z] [work-queue] {"queueLength":0,"workRunningCount":2}
[debug] [2022-11-14T10:04:41.412Z] Accepted request POST /am-commerce/us-central1/api/payments/create?total=25096 --> us-central1-api
[debug] [2022-11-14T10:04:41.415Z] [functions] Runtime ready! Sending request! {"metadata":{"emulator":{"name":"functions"},"message":"[functions] Runtime ready! Sending request!"}}
[debug] [2022-11-14T10:04:41.415Z] [functions] Got req.url=/am-commerce/us-central1/api/payments/create?total=25096, mapping to path=/payments/create?total=25096 {"metadata":{"emulator":{"name":"functions"},"message":"[functions] Got req.url=/am-commerce/us-central1/api/payments/create?total=25096, mapping to path=/payments/create?total=25096"}}
[debug] [2022-11-14T10:04:41.851Z] [worker-pool] addWorker(us-central1-api) {"metadata":{"emulator":{"name":"functions"},"message":"[worker-pool] addWorker(us-central1-api)"}}
[debug] [2022-11-14T10:04:41.851Z] [worker-pool] Adding worker with key us-central1-api, total=2 {"metadata":{"emulator":{"name":"functions"},"message":"[worker-pool] Adding worker with key us-central1-api, total=2"}}
[info] i  functions: Beginning execution of "api" {"metadata":{"emulator":{"name":"functions"},"function":{"name":"us-central1-api"},"extension":{},"message":"Beginning execution of \"api\""}}
[info] >  Payment Request Recieved for this amount >>>  25096 {"user":"Payment Request Recieved for this amount >>>  25096","metadata":{"emulator":{"name":"functions"},"function":{"name":"us-central1-api"},"extension":{},"message":"\u001b[90m> \u001b[39m Payment Request Recieved for this amount >>>  25096"}}
[debug] [2022-11-14T10:04:42.026Z] [worker-us-central1-api-4d6d20c8-ade0-49fd-8282-019551797317]: IDLE {"metadata":{"emulator":{"name":"functions"},"message":"[worker-us-central1-api-4d6d20c8-ade0-49fd-8282-019551797317]: IDLE"}}
[debug] [2022-11-14T10:04:42.027Z] [work-queue] {"queueLength":0,"workRunningCount":1}
[info] i  functions: Finished "api" in 613.3502ms {"metadata":{"emulator":{"name":"functions"},"function":{"name":"us-central1-api"},"extension":{},"message":"Finished \"api\" in 613.3502ms"}}
[debug] [2022-11-14T10:04:43.242Z] [runtime-status] [10052] Resolved module firebase-admin {"declared":true,"installed":true,"version":"10.3.0","resolution":"D:\\work\\React\\amazon\\functions\\node_modules\\firebase-admin\\lib\\index.js"} {"metadata":{"emulator":{"name":"functions"},"function":{"name":"us-central1-api"},"extension":{},"message":"[runtime-status] [10052] Resolved module firebase-admin {\"declared\":true,\"installed\":true,\"version\":\"10.3.0\",\"resolution\":\"D:\\\\work\\\\React\\\\amazon\\\\functions\\\\node_modules\\\\firebase-admin\\\\lib\\\\index.js\"}"}}
[debug] [2022-11-14T10:04:43.245Z] [runtime-status] [10052] Resolved module firebase-functions {"declared":true,"installed":true,"version":"3.24.1","resolution":"D:\\work\\React\\amazon\\functions\\node_modules\\firebase-functions\\lib\\index.js"} {"metadata":{"emulator":{"name":"functions"},"function":{"name":"us-central1-api"},"extension":{},"message":"[runtime-status] [10052] Resolved module firebase-functions {\"declared\":true,\"installed\":true,\"version\":\"3.24.1\",\"resolution\":\"D:\\\\work\\\\React\\\\amazon\\\\functions\\\\node_modules\\\\firebase-functions\\\\lib\\\\index.js\"}"}}
[debug] [2022-11-14T10:04:43.245Z] [runtime-status] [10052] Outgoing network have been stubbed. [{"name":"http","status":"mocked"},{"name":"http","status":"mocked"},{"name":"https","status":"mocked"},{"name":"https","status":"mocked"},{"name":"net","status":"mocked"}] {"metadata":{"emulator":{"name":"functions"},"function":{"name":"us-central1-api"},"extension":{},"message":"[runtime-status] [10052] Outgoing network have been stubbed. [{\"name\":\"http\",\"status\":\"mocked\"},{\"name\":\"http\",\"status\":\"mocked\"},{\"name\":\"https\",\"status\":\"mocked\"},{\"name\":\"https\",\"status\":\"mocked\"},{\"name\":\"net\",\"status\":\"mocked\"}]"}}
[debug] [2022-11-14T10:04:43.246Z] [runtime-status] [10052] Resolved module firebase-functions {"declared":true,"installed":true,"version":"3.24.1","resolution":"D:\\work\\React\\amazon\\functions\\node_modules\\firebase-functions\\lib\\index.js"} {"metadata":{"emulator":{"name":"functions"},"function":{"name":"us-central1-api"},"extension":{},"message":"[runtime-status] [10052] Resolved module firebase-functions {\"declared\":true,\"installed\":true,\"version\":\"3.24.1\",\"resolution\":\"D:\\\\work\\\\React\\\\amazon\\\\functions\\\\node_modules\\\\firebase-functions\\\\lib\\\\index.js\"}"}}
[debug] [2022-11-14T10:04:43.291Z] [runtime-status] [10052] Checked functions.config() {"config":{}} {"metadata":{"emulator":{"name":"functions"},"function":{"name":"us-central1-api"},"extension":{},"message":"[runtime-status] [10052] Checked functions.config() {\"config\":{}}"}}
[debug] [2022-11-14T10:04:43.292Z] [runtime-status] [10052] firebase-functions has been stubbed. {"functionsResolution":{"declared":true,"installed":true,"version":"3.24.1","resolution":"D:\\work\\React\\amazon\\functions\\node_modules\\firebase-functions\\lib\\index.js"}} {"metadata":{"emulator":{"name":"functions"},"function":{"name":"us-central1-api"},"extension":{},"message":"[runtime-status] [10052] firebase-functions has been stubbed. {\"functionsResolution\":{\"declared\":true,\"installed\":true,\"version\":\"3.24.1\",\"resolution\":\"D:\\\\work\\\\React\\\\amazon\\\\functions\\\\node_modules\\\\firebase-functions\\\\lib\\\\index.js\"}}"}}
[debug] [2022-11-14T10:04:43.292Z] [runtime-status] [10052] Resolved module firebase-functions {"declared":true,"installed":true,"version":"3.24.1","resolution":"D:\\work\\React\\amazon\\functions\\node_modules\\firebase-functions\\lib\\index.js"} {"metadata":{"emulator":{"name":"functions"},"function":{"name":"us-central1-api"},"extension":{},"message":"[runtime-status] [10052] Resolved module firebase-functions {\"declared\":true,\"installed\":true,\"version\":\"3.24.1\",\"resolution\":\"D:\\\\work\\\\React\\\\amazon\\\\functions\\\\node_modules\\\\firebase-functions\\\\lib\\\\index.js\"}"}}
[debug] [2022-11-14T10:04:43.294Z] [runtime-status] [10052] Resolved module firebase-admin {"declared":true,"installed":true,"version":"10.3.0","resolution":"D:\\work\\React\\amazon\\functions\\node_modules\\firebase-admin\\lib\\index.js"} {"metadata":{"emulator":{"name":"functions"},"function":{"name":"us-central1-api"},"extension":{},"message":"[runtime-status] [10052] Resolved module firebase-admin {\"declared\":true,\"installed\":true,\"version\":\"10.3.0\",\"resolution\":\"D:\\\\work\\\\React\\\\amazon\\\\functions\\\\node_modules\\\\firebase-admin\\\\lib\\\\index.js\"}"}}
[debug] [2022-11-14T10:04:43.294Z] [runtime-status] [10052] Resolved module firebase-functions {"declared":true,"installed":true,"version":"3.24.1","resolution":"D:\\work\\React\\amazon\\functions\\node_modules\\firebase-functions\\lib\\index.js"} {"metadata":{"emulator":{"name":"functions"},"function":{"name":"us-central1-api"},"extension":{},"message":"[runtime-status] [10052] Resolved module firebase-functions {\"declared\":true,\"installed\":true,\"version\":\"3.24.1\",\"resolution\":\"D:\\\\work\\\\React\\\\amazon\\\\functions\\\\node_modules\\\\firebase-functions\\\\lib\\\\index.js\"}"}}
[debug] [2022-11-14T10:04:43.295Z] [runtime-status] [10052] firebase-admin has been stubbed. {"adminResolution":{"declared":true,"installed":true,"version":"10.3.0","resolution":"D:\\work\\React\\amazon\\functions\\node_modules\\firebase-admin\\lib\\index.js"}} {"metadata":{"emulator":{"name":"functions"},"function":{"name":"us-central1-api"},"extension":{},"message":"[runtime-status] [10052] firebase-admin has been stubbed. {\"adminResolution\":{\"declared\":true,\"installed\":true,\"version\":\"10.3.0\",\"resolution\":\"D:\\\\work\\\\React\\\\amazon\\\\functions\\\\node_modules\\\\firebase-admin\\\\lib\\\\index.js\"}}"}}
[debug] [2022-11-14T10:04:43.455Z] [runtime-status] [10052] Functions runtime initialized. {"cwd":"D:\\work\\React\\amazon\\functions","node_version":"16.17.1"} {"metadata":{"emulator":{"name":"functions"},"function":{"name":"us-central1-api"},"extension":{},"message":"[runtime-status] [10052] Functions runtime initialized. {\"cwd\":\"D:\\\\work\\\\React\\\\amazon\\\\functions\",\"node_version\":\"16.17.1\"}"}}
[debug] [2022-11-14T10:04:43.456Z] [runtime-status] [10052] Listening to port: \\?\pipe\fire_emu_21f772575f2bfdba {"metadata":{"emulator":{"name":"functions"},"function":{"name":"us-central1-api"},"extension":{},"message":"[runtime-status] [10052] Listening to port: \\\\?\\pipe\\fire_emu_21f772575f2bfdba"}}
[debug] [2022-11-14T10:04:43.495Z] [worker-us-central1-api-6e995763-3e9f-49e7-9971-7b819f389af4]: IDLE {"metadata":{"emulator":{"name":"functions"},"message":"[worker-us-central1-api-6e995763-3e9f-49e7-9971-7b819f389af4]: IDLE"}}
[debug] [2022-11-14T10:04:43.495Z] [worker-pool] submitRequest(triggerId=us-central1-api) {"metadata":{"emulator":{"name":"functions"},"message":"[worker-pool] submitRequest(triggerId=us-central1-api)"}}
[debug] [2022-11-14T10:04:43.495Z] [worker-us-central1-api-4d6d20c8-ade0-49fd-8282-019551797317]: BUSY {"metadata":{"emulator":{"name":"functions"},"message":"[worker-us-central1-api-4d6d20c8-ade0-49fd-8282-019551797317]: BUSY"}}
[info] i  functions: Beginning execution of "api" {"metadata":{"emulator":{"name":"functions"},"function":{"name":"us-central1-api"},"extension":{},"message":"Beginning execution of \"api\""}}
[info] >  Payment Request Recieved for this amount >>>  25096 {"user":"Payment Request Recieved for this amount >>>  25096","metadata":{"emulator":{"name":"functions"},"function":{"name":"us-central1-api"},"extension":{},"message":"\u001b[90m> \u001b[39m Payment Request Recieved for this amount >>>  25096"}}
[debug] [2022-11-14T10:04:43.887Z] [worker-us-central1-api-4d6d20c8-ade0-49fd-8282-019551797317]: IDLE {"metadata":{"emulator":{"name":"functions"},"message":"[worker-us-central1-api-4d6d20c8-ade0-49fd-8282-019551797317]: IDLE"}}
[debug] [2022-11-14T10:04:43.889Z] [work-queue] {"queueLength":0,"workRunningCount":0}
[info] i  functions: Finished "api" in 389.9545ms {"metadata":{"emulator":{"name":"functions"},"function":{"name":"us-central1-api"},"extension":{},"message":"Finished \"api\" in 389.9545ms"}}
[debug] [2022-11-14T20:54:00.494Z] [work-queue] {"queueLength":1,"workRunningCount":0}
[debug] [2022-11-14T20:54:00.495Z] [work-queue] {"queueLength":0,"workRunningCount":1}
[debug] [2022-11-14T20:54:00.495Z] Accepted request POST /am-commerce/us-central1/api/payments/create?total=25096 --> us-central1-api
[debug] [2022-11-14T20:54:00.503Z] [functions] Runtime ready! Sending request! {"metadata":{"emulator":{"name":"functions"},"message":"[functions] Runtime ready! Sending request!"}}
[debug] [2022-11-14T20:54:00.504Z] [functions] Got req.url=/am-commerce/us-central1/api/payments/create?total=25096, mapping to path=/payments/create?total=25096 {"metadata":{"emulator":{"name":"functions"},"message":"[functions] Got req.url=/am-commerce/us-central1/api/payments/create?total=25096, mapping to path=/payments/create?total=25096"}}
[debug] [2022-11-14T20:54:00.504Z] [worker-pool] submitRequest(triggerId=us-central1-api) {"metadata":{"emulator":{"name":"functions"},"message":"[worker-pool] submitRequest(triggerId=us-central1-api)"}}
[debug] [2022-11-14T20:54:00.504Z] [worker-us-central1-api-4d6d20c8-ade0-49fd-8282-019551797317]: BUSY {"metadata":{"emulator":{"name":"functions"},"message":"[worker-us-central1-api-4d6d20c8-ade0-49fd-8282-019551797317]: BUSY"}}
[debug] [2022-11-14T20:54:00.505Z] [work-queue] {"queueLength":1,"workRunningCount":1}
[debug] [2022-11-14T20:54:00.505Z] [work-queue] {"queueLength":0,"workRunningCount":2}
[debug] [2022-11-14T20:54:00.506Z] Accepted request POST /am-commerce/us-central1/api/payments/create?total=25096 --> us-central1-api
[debug] [2022-11-14T20:54:00.509Z] [functions] Runtime ready! Sending request! {"metadata":{"emulator":{"name":"functions"},"message":"[functions] Runtime ready! Sending request!"}}
[debug] [2022-11-14T20:54:00.509Z] [functions] Got req.url=/am-commerce/us-central1/api/payments/create?total=25096, mapping to path=/payments/create?total=25096 {"metadata":{"emulator":{"name":"functions"},"message":"[functions] Got req.url=/am-commerce/us-central1/api/payments/create?total=25096, mapping to path=/payments/create?total=25096"}}
[debug] [2022-11-14T20:54:00.509Z] [worker-pool] submitRequest(triggerId=us-central1-api) {"metadata":{"emulator":{"name":"functions"},"message":"[worker-pool] submitRequest(triggerId=us-central1-api)"}}
[debug] [2022-11-14T20:54:00.510Z] [worker-us-central1-api-6e995763-3e9f-49e7-9971-7b819f389af4]: BUSY {"metadata":{"emulator":{"name":"functions"},"message":"[worker-us-central1-api-6e995763-3e9f-49e7-9971-7b819f389af4]: BUSY"}}
[info] i  functions: Beginning execution of "api" {"metadata":{"emulator":{"name":"functions"},"function":{"name":"us-central1-api"},"extension":{},"message":"Beginning execution of \"api\""}}
[info] >  Payment Request Recieved for this amount >>>  25096 {"user":"Payment Request Recieved for this amount >>>  25096","metadata":{"emulator":{"name":"functions"},"function":{"name":"us-central1-api"},"extension":{},"message":"\u001b[90m> \u001b[39m Payment Request Recieved for this amount >>>  25096"}}
[info] i  functions: Beginning execution of "api" {"metadata":{"emulator":{"name":"functions"},"function":{"name":"us-central1-api"},"extension":{},"message":"Beginning execution of \"api\""}}
[info] >  Payment Request Recieved for this amount >>>  25096 {"user":"Payment Request Recieved for this amount >>>  25096","metadata":{"emulator":{"name":"functions"},"function":{"name":"us-central1-api"},"extension":{},"message":"\u001b[90m> \u001b[39m Payment Request Recieved for this amount >>>  25096"}}
[debug] [2022-11-14T20:54:01.090Z] [worker-us-central1-api-4d6d20c8-ade0-49fd-8282-019551797317]: IDLE {"metadata":{"emulator":{"name":"functions"},"message":"[worker-us-central1-api-4d6d20c8-ade0-49fd-8282-019551797317]: IDLE"}}
[debug] [2022-11-14T20:54:01.091Z] [work-queue] {"queueLength":0,"workRunningCount":1}
[info] i  functions: Finished "api" in 582.524ms {"metadata":{"emulator":{"name":"functions"},"function":{"name":"us-central1-api"},"extension":{},"message":"Finished \"api\" in 582.524ms"}}
[debug] [2022-11-14T20:54:01.503Z] [worker-us-central1-api-6e995763-3e9f-49e7-9971-7b819f389af4]: IDLE {"metadata":{"emulator":{"name":"functions"},"message":"[worker-us-central1-api-6e995763-3e9f-49e7-9971-7b819f389af4]: IDLE"}}
[debug] [2022-11-14T20:54:01.504Z] [work-queue] {"queueLength":0,"workRunningCount":0}
[info] i  functions: Finished "api" in 983.5466ms {"metadata":{"emulator":{"name":"functions"},"function":{"name":"us-central1-api"},"extension":{},"message":"Finished \"api\" in 983.5466ms"}}
[debug] [2022-11-14T21:01:38.880Z] [work-queue] {"queueLength":1,"workRunningCount":0}
[debug] [2022-11-14T21:01:38.880Z] [work-queue] {"queueLength":0,"workRunningCount":1}
[debug] [2022-11-14T21:01:38.881Z] Accepted request POST /am-commerce/us-central1/api/payments/create?total=72896 --> us-central1-api
[debug] [2022-11-14T21:01:38.888Z] [functions] Runtime ready! Sending request! {"metadata":{"emulator":{"name":"functions"},"message":"[functions] Runtime ready! Sending request!"}}
[debug] [2022-11-14T21:01:38.889Z] [functions] Got req.url=/am-commerce/us-central1/api/payments/create?total=72896, mapping to path=/payments/create?total=72896 {"metadata":{"emulator":{"name":"functions"},"message":"[functions] Got req.url=/am-commerce/us-central1/api/payments/create?total=72896, mapping to path=/payments/create?total=72896"}}
[debug] [2022-11-14T21:01:38.889Z] [worker-pool] submitRequest(triggerId=us-central1-api) {"metadata":{"emulator":{"name":"functions"},"message":"[worker-pool] submitRequest(triggerId=us-central1-api)"}}
[debug] [2022-11-14T21:01:38.889Z] [worker-us-central1-api-4d6d20c8-ade0-49fd-8282-019551797317]: BUSY {"metadata":{"emulator":{"name":"functions"},"message":"[worker-us-central1-api-4d6d20c8-ade0-49fd-8282-019551797317]: BUSY"}}
[debug] [2022-11-14T21:01:38.893Z] [work-queue] {"queueLength":1,"workRunningCount":1}
[debug] [2022-11-14T21:01:38.893Z] [work-queue] {"queueLength":0,"workRunningCount":2}
[debug] [2022-11-14T21:01:38.893Z] Accepted request POST /am-commerce/us-central1/api/payments/create?total=72896 --> us-central1-api
[debug] [2022-11-14T21:01:38.901Z] [functions] Runtime ready! Sending request! {"metadata":{"emulator":{"name":"functions"},"message":"[functions] Runtime ready! Sending request!"}}
[debug] [2022-11-14T21:01:38.902Z] [functions] Got req.url=/am-commerce/us-central1/api/payments/create?total=72896, mapping to path=/payments/create?total=72896 {"metadata":{"emulator":{"name":"functions"},"message":"[functions] Got req.url=/am-commerce/us-central1/api/payments/create?total=72896, mapping to path=/payments/create?total=72896"}}
[debug] [2022-11-14T21:01:38.903Z] [worker-pool] submitRequest(triggerId=us-central1-api) {"metadata":{"emulator":{"name":"functions"},"message":"[worker-pool] submitRequest(triggerId=us-central1-api)"}}
[debug] [2022-11-14T21:01:38.904Z] [worker-us-central1-api-6e995763-3e9f-49e7-9971-7b819f389af4]: BUSY {"metadata":{"emulator":{"name":"functions"},"message":"[worker-us-central1-api-6e995763-3e9f-49e7-9971-7b819f389af4]: BUSY"}}
[info] i  functions: Beginning execution of "api" {"metadata":{"emulator":{"name":"functions"},"function":{"name":"us-central1-api"},"extension":{},"message":"Beginning execution of \"api\""}}
[info] >  Payment Request Recieved for this amount >>>  72896 {"user":"Payment Request Recieved for this amount >>>  72896","metadata":{"emulator":{"name":"functions"},"function":{"name":"us-central1-api"},"extension":{},"message":"\u001b[90m> \u001b[39m Payment Request Recieved for this amount >>>  72896"}}
[info] i  functions: Beginning execution of "api" {"metadata":{"emulator":{"name":"functions"},"function":{"name":"us-central1-api"},"extension":{},"message":"Beginning execution of \"api\""}}
[info] >  Payment Request Recieved for this amount >>>  72896 {"user":"Payment Request Recieved for this amount >>>  72896","metadata":{"emulator":{"name":"functions"},"function":{"name":"us-central1-api"},"extension":{},"message":"\u001b[90m> \u001b[39m Payment Request Recieved for this amount >>>  72896"}}
[debug] [2022-11-14T21:01:39.514Z] [worker-us-central1-api-4d6d20c8-ade0-49fd-8282-019551797317]: IDLE {"metadata":{"emulator":{"name":"functions"},"message":"[worker-us-central1-api-4d6d20c8-ade0-49fd-8282-019551797317]: IDLE"}}
[debug] [2022-11-14T21:01:39.514Z] [work-queue] {"queueLength":0,"workRunningCount":1}
[info] i  functions: Finished "api" in 621.0763ms {"metadata":{"emulator":{"name":"functions"},"function":{"name":"us-central1-api"},"extension":{},"message":"Finished \"api\" in 621.0763ms"}}
[debug] [2022-11-14T21:01:39.520Z] [worker-us-central1-api-6e995763-3e9f-49e7-9971-7b819f389af4]: IDLE {"metadata":{"emulator":{"name":"functions"},"message":"[worker-us-central1-api-6e995763-3e9f-49e7-9971-7b819f389af4]: IDLE"}}
[debug] [2022-11-14T21:01:39.520Z] [work-queue] {"queueLength":0,"workRunningCount":0}
[info] i  functions: Finished "api" in 604.2378ms {"metadata":{"emulator":{"name":"functions"},"function":{"name":"us-central1-api"},"extension":{},"message":"Finished \"api\" in 604.2378ms"}}
[debug] [2022-11-14T21:15:22.397Z] [work-queue] {"queueLength":1,"workRunningCount":0}
[debug] [2022-11-14T21:15:22.397Z] [work-queue] {"queueLength":0,"workRunningCount":1}
[debug] [2022-11-14T21:15:22.398Z] Accepted request POST /am-commerce/us-central1/api/payments/create?total=130693 --> us-central1-api
[debug] [2022-11-14T21:15:22.404Z] [functions] Runtime ready! Sending request! {"metadata":{"emulator":{"name":"functions"},"message":"[functions] Runtime ready! Sending request!"}}
[debug] [2022-11-14T21:15:22.404Z] [functions] Got req.url=/am-commerce/us-central1/api/payments/create?total=130693, mapping to path=/payments/create?total=130693 {"metadata":{"emulator":{"name":"functions"},"message":"[functions] Got req.url=/am-commerce/us-central1/api/payments/create?total=130693, mapping to path=/payments/create?total=130693"}}
[debug] [2022-11-14T21:15:22.405Z] [worker-pool] submitRequest(triggerId=us-central1-api) {"metadata":{"emulator":{"name":"functions"},"message":"[worker-pool] submitRequest(triggerId=us-central1-api)"}}
[debug] [2022-11-14T21:15:22.405Z] [worker-us-central1-api-4d6d20c8-ade0-49fd-8282-019551797317]: BUSY {"metadata":{"emulator":{"name":"functions"},"message":"[worker-us-central1-api-4d6d20c8-ade0-49fd-8282-019551797317]: BUSY"}}
[debug] [2022-11-14T21:15:22.410Z] [work-queue] {"queueLength":1,"workRunningCount":1}
[debug] [2022-11-14T21:15:22.410Z] [work-queue] {"queueLength":0,"workRunningCount":2}
[debug] [2022-11-14T21:15:22.410Z] Accepted request POST /am-commerce/us-central1/api/payments/create?total=130693 --> us-central1-api
[debug] [2022-11-14T21:15:22.414Z] [functions] Runtime ready! Sending request! {"metadata":{"emulator":{"name":"functions"},"message":"[functions] Runtime ready! Sending request!"}}
[debug] [2022-11-14T21:15:22.414Z] [functions] Got req.url=/am-commerce/us-central1/api/payments/create?total=130693, mapping to path=/payments/create?total=130693 {"metadata":{"emulator":{"name":"functions"},"message":"[functions] Got req.url=/am-commerce/us-central1/api/payments/create?total=130693, mapping to path=/payments/create?total=130693"}}
[debug] [2022-11-14T21:15:22.414Z] [worker-pool] submitRequest(triggerId=us-central1-api) {"metadata":{"emulator":{"name":"functions"},"message":"[worker-pool] submitRequest(triggerId=us-central1-api)"}}
[debug] [2022-11-14T21:15:22.414Z] [worker-us-central1-api-6e995763-3e9f-49e7-9971-7b819f389af4]: BUSY {"metadata":{"emulator":{"name":"functions"},"message":"[worker-us-central1-api-6e995763-3e9f-49e7-9971-7b819f389af4]: BUSY"}}
[info] i  functions: Beginning execution of "api" {"metadata":{"emulator":{"name":"functions"},"function":{"name":"us-central1-api"},"extension":{},"message":"Beginning execution of \"api\""}}
[info] >  Payment Request Recieved for this amount >>>  130693 {"user":"Payment Request Recieved for this amount >>>  130693","metadata":{"emulator":{"name":"functions"},"function":{"name":"us-central1-api"},"extension":{},"message":"\u001b[90m> \u001b[39m Payment Request Recieved for this amount >>>  130693"}}
[info] i  functions: Beginning execution of "api" {"metadata":{"emulator":{"name":"functions"},"function":{"name":"us-central1-api"},"extension":{},"message":"Beginning execution of \"api\""}}
[info] >  Payment Request Recieved for this amount >>>  130693 {"user":"Payment Request Recieved for this amount >>>  130693","metadata":{"emulator":{"name":"functions"},"function":{"name":"us-central1-api"},"extension":{},"message":"\u001b[90m> \u001b[39m Payment Request Recieved for this amount >>>  130693"}}
[debug] [2022-11-14T21:15:23.011Z] [worker-us-central1-api-4d6d20c8-ade0-49fd-8282-019551797317]: IDLE {"metadata":{"emulator":{"name":"functions"},"message":"[worker-us-central1-api-4d6d20c8-ade0-49fd-8282-019551797317]: IDLE"}}
[debug] [2022-11-14T21:15:23.011Z] [work-queue] {"queueLength":0,"workRunningCount":1}
[info] i  functions: Finished "api" in 600.1966ms {"metadata":{"emulator":{"name":"functions"},"function":{"name":"us-central1-api"},"extension":{},"message":"Finished \"api\" in 600.1966ms"}}
[debug] [2022-11-14T21:15:23.015Z] [worker-us-central1-api-6e995763-3e9f-49e7-9971-7b819f389af4]: IDLE {"metadata":{"emulator":{"name":"functions"},"message":"[worker-us-central1-api-6e995763-3e9f-49e7-9971-7b819f389af4]: IDLE"}}
[debug] [2022-11-14T21:15:23.015Z] [work-queue] {"queueLength":0,"workRunningCount":0}
[info] i  functions: Finished "api" in 594.3974ms {"metadata":{"emulator":{"name":"functions"},"function":{"name":"us-central1-api"},"extension":{},"message":"Finished \"api\" in 594.3974ms"}}
[debug] [2022-11-14T21:25:51.934Z] [work-queue] {"queueLength":1,"workRunningCount":0}
[debug] [2022-11-14T21:25:51.935Z] [work-queue] {"queueLength":0,"workRunningCount":1}
[debug] [2022-11-14T21:25:51.935Z] Accepted request POST /am-commerce/us-central1/api/payments/create?total=70994 --> us-central1-api
[debug] [2022-11-14T21:25:51.941Z] [functions] Runtime ready! Sending request! {"metadata":{"emulator":{"name":"functions"},"message":"[functions] Runtime ready! Sending request!"}}
[debug] [2022-11-14T21:25:51.941Z] [functions] Got req.url=/am-commerce/us-central1/api/payments/create?total=70994, mapping to path=/payments/create?total=70994 {"metadata":{"emulator":{"name":"functions"},"message":"[functions] Got req.url=/am-commerce/us-central1/api/payments/create?total=70994, mapping to path=/payments/create?total=70994"}}
[debug] [2022-11-14T21:25:51.942Z] [worker-pool] submitRequest(triggerId=us-central1-api) {"metadata":{"emulator":{"name":"functions"},"message":"[worker-pool] submitRequest(triggerId=us-central1-api)"}}
[debug] [2022-11-14T21:25:51.942Z] [worker-us-central1-api-4d6d20c8-ade0-49fd-8282-019551797317]: BUSY {"metadata":{"emulator":{"name":"functions"},"message":"[worker-us-central1-api-4d6d20c8-ade0-49fd-8282-019551797317]: BUSY"}}
[debug] [2022-11-14T21:25:51.945Z] [work-queue] {"queueLength":1,"workRunningCount":1}
[debug] [2022-11-14T21:25:51.946Z] [work-queue] {"queueLength":0,"workRunningCount":2}
[debug] [2022-11-14T21:25:51.946Z] Accepted request POST /am-commerce/us-central1/api/payments/create?total=70994 --> us-central1-api
[debug] [2022-11-14T21:25:51.949Z] [functions] Runtime ready! Sending request! {"metadata":{"emulator":{"name":"functions"},"message":"[functions] Runtime ready! Sending request!"}}
[debug] [2022-11-14T21:25:51.949Z] [functions] Got req.url=/am-commerce/us-central1/api/payments/create?total=70994, mapping to path=/payments/create?total=70994 {"metadata":{"emulator":{"name":"functions"},"message":"[functions] Got req.url=/am-commerce/us-central1/api/payments/create?total=70994, mapping to path=/payments/create?total=70994"}}
[debug] [2022-11-14T21:25:51.949Z] [worker-pool] submitRequest(triggerId=us-central1-api) {"metadata":{"emulator":{"name":"functions"},"message":"[worker-pool] submitRequest(triggerId=us-central1-api)"}}
[debug] [2022-11-14T21:25:51.949Z] [worker-us-central1-api-6e995763-3e9f-49e7-9971-7b819f389af4]: BUSY {"metadata":{"emulator":{"name":"functions"},"message":"[worker-us-central1-api-6e995763-3e9f-49e7-9971-7b819f389af4]: BUSY"}}
[info] i  functions: Beginning execution of "api" {"metadata":{"emulator":{"name":"functions"},"function":{"name":"us-central1-api"},"extension":{},"message":"Beginning execution of \"api\""}}
[info] >  Payment Request Recieved for this amount >>>  70994 {"user":"Payment Request Recieved for this amount >>>  70994","metadata":{"emulator":{"name":"functions"},"function":{"name":"us-central1-api"},"extension":{},"message":"\u001b[90m> \u001b[39m Payment Request Recieved for this amount >>>  70994"}}
[info] i  functions: Beginning execution of "api" {"metadata":{"emulator":{"name":"functions"},"function":{"name":"us-central1-api"},"extension":{},"message":"Beginning execution of \"api\""}}
[info] >  Payment Request Recieved for this amount >>>  70994 {"user":"Payment Request Recieved for this amount >>>  70994","metadata":{"emulator":{"name":"functions"},"function":{"name":"us-central1-api"},"extension":{},"message":"\u001b[90m> \u001b[39m Payment Request Recieved for this amount >>>  70994"}}
[debug] [2022-11-14T21:25:52.539Z] [worker-us-central1-api-4d6d20c8-ade0-49fd-8282-019551797317]: IDLE {"metadata":{"emulator":{"name":"functions"},"message":"[worker-us-central1-api-4d6d20c8-ade0-49fd-8282-019551797317]: IDLE"}}
[debug] [2022-11-14T21:25:52.540Z] [work-queue] {"queueLength":0,"workRunningCount":1}
[info] i  functions: Finished "api" in 592.6114ms {"metadata":{"emulator":{"name":"functions"},"function":{"name":"us-central1-api"},"extension":{},"message":"Finished \"api\" in 592.6114ms"}}
[debug] [2022-11-14T21:25:52.589Z] [worker-us-central1-api-6e995763-3e9f-49e7-9971-7b819f389af4]: IDLE {"metadata":{"emulator":{"name":"functions"},"message":"[worker-us-central1-api-6e995763-3e9f-49e7-9971-7b819f389af4]: IDLE"}}
[debug] [2022-11-14T21:25:52.589Z] [work-queue] {"queueLength":0,"workRunningCount":0}
[info] i  functions: Finished "api" in 637.0629ms {"metadata":{"emulator":{"name":"functions"},"function":{"name":"us-central1-api"},"extension":{},"message":"Finished \"api\" in 637.0629ms"}}
